2019-08-01 11:00:06 -  - exec CUpdateClientPartner::GetUpdatesList
2019-08-01 11:00:06 -  - exec CUpdateClientPartner::__CollectRequestData
2019-08-01 11:00:06 -  - utf=Y&lang=ru&stable=Y&CANGZIP=Y&SUPD_DBS=MYSQL&XE=N&CLIENT_SITE=time-avenue.com&LICENSE_KEY=X&SUPD_STS=1&SUPD_URS=0&SUPD_URSA=7&TYPENC=E&CLIENT_PHPVER=7.1.30&NGINX=Y&dbv=5.7.26&instm=main%2C17.5.9%2CN%3Bwebdebug.antirutin%2C17.4.0%2CN%3Blearning%2C17.5.0%2CN%3Blists%2C17.0.14%2CN%3Bvote%2C17.5.0%2CN%3Bbizprocdesigner%2C17.5.1%2CN%3Beshopapp%2C16.5.0%2CN%3Bsecurity%2C17.0.2%2CN%3Bscale%2C17.5.0%2CN%3Bsender%2C17.1.4%2CN%3Bconversion%2C17.5.0%2CN%3Bsearch%2C17.0.1%2CN%3Bwiki%2C17.5.1%2CN%3Bsupport%2C16.0.0%2CN%3Bpull%2C17.5.2%2CN%3Bseo%2C17.5.2%2CN%3Bsubscribe%2C17.5.0%2CN%3Bui%2C17.5.4%2CN%3Bdev2fun.opengraph%2C1.2.11%2CN%3Besol.importexportexcel%2C2.1.2%2CN%3Badvertising%2C17.0.0%2CN%3Bforum%2C17.5.2%2CN%3Bwebservice%2C17.0.0%2CN%3Bperfmon%2C17.0.1%2CN%3Bbizproc%2C17.5.8%2CN%3Bmobileapp%2C17.5.0%2CN%3Breport%2C17.0.0%2CN%3Bcatalog%2C17.5.11%2CN%3Bcurrency%2C17.5.2%2CN%3Bim%2C17.5.9%2CN%3Bsale%2C17.8.5%2CN%3Bcalendar%2C17.5.7%2CN%3Babtest%2C17.5.0%2CN%3Bcompression%2C16.0.0%2CN%3Bphotogallery%2C17.0.2%2CN%3Bsocialservices%2C17.5.2%2CN%3Bhighloadblock%2C17.5.0%2CN%3Bclouds%2C17.0.2%2CN%3Bblog%2C17.5.7%2CN%3Bstatistic%2C17.0.1%2CN%3Biblock%2C17.5.4%2CN%3Bfileman%2C17.5.9%2CN%3Bcluster%2C17.0.1%2CN%3Btranslate%2C16.0.0%2CN%3Bb24connector%2C17.5.0%2CN%3Bldap%2C17.0.1%2CN%3Bmail%2C17.5.3%2CN%3Baskaron.agents%2C1.0.1%2CN%3Bsocialnetwork%2C17.5.17%2CN%3Bform%2C17.0.1%2CN%3Bworkflow%2C17.0.1%2CN%3Bidea%2C17.5.0%2CN%3Bbitrixcloud%2C17.0.1%2CN%3Bstoreassist%2C16.0.1%2CN%3Btwim.recaptchafree%2C0.1.1%2CN&reqm=webdebug.antirutin%2Cdev2fun.opengraph%2Cesol.importexportexcel%2Caskaron.agents%2Ctwim.recaptchafree&fullmoduleinfo=Y&SUPD_SRS=RU&SUPD_CMP=Y
2019-08-01 11:00:06 -  - exec CUpdateClientPartner::GetHTTPPage
2019-08-01 11:00:07 -  - TIME GetUpdatesList(request) 0.527 sec
2019-08-01 11:00:07 -  - exec CUpdateClientPartner::ParseServerData
2019-08-01 11:00:07 -  - exec CUpdateClientPartner::GetUpdatesList
2019-08-01 11:00:07 -  - exec CUpdateClientPartner::__CollectRequestData
2019-08-01 11:00:07 -  - utf=Y&lang=ru&stable=Y&CANGZIP=Y&SUPD_DBS=MYSQL&XE=N&CLIENT_SITE=time-avenue.com&LICENSE_KEY=X&SUPD_STS=1&SUPD_URS=0&SUPD_URSA=7&TYPENC=E&CLIENT_PHPVER=7.1.30&NGINX=Y&dbv=5.7.26&instm=main%2C17.5.9%2CN%3Bwebdebug.antirutin%2C17.4.0%2CN%3Blearning%2C17.5.0%2CN%3Blists%2C17.0.14%2CN%3Bvote%2C17.5.0%2CN%3Bbizprocdesigner%2C17.5.1%2CN%3Beshopapp%2C16.5.0%2CN%3Bsecurity%2C17.0.2%2CN%3Bscale%2C17.5.0%2CN%3Bsender%2C17.1.4%2CN%3Bconversion%2C17.5.0%2CN%3Bsearch%2C17.0.1%2CN%3Bwiki%2C17.5.1%2CN%3Bsupport%2C16.0.0%2CN%3Bpull%2C17.5.2%2CN%3Bseo%2C17.5.2%2CN%3Bsubscribe%2C17.5.0%2CN%3Bui%2C17.5.4%2CN%3Bdev2fun.opengraph%2C1.2.11%2CN%3Besol.importexportexcel%2C2.1.2%2CN%3Badvertising%2C17.0.0%2CN%3Bforum%2C17.5.2%2CN%3Bwebservice%2C17.0.0%2CN%3Bperfmon%2C17.0.1%2CN%3Bbizproc%2C17.5.8%2CN%3Bmobileapp%2C17.5.0%2CN%3Breport%2C17.0.0%2CN%3Bcatalog%2C17.5.11%2CN%3Bcurrency%2C17.5.2%2CN%3Bim%2C17.5.9%2CN%3Bsale%2C17.8.5%2CN%3Bcalendar%2C17.5.7%2CN%3Babtest%2C17.5.0%2CN%3Bcompression%2C16.0.0%2CN%3Bphotogallery%2C17.0.2%2CN%3Bsocialservices%2C17.5.2%2CN%3Bhighloadblock%2C17.5.0%2CN%3Bclouds%2C17.0.2%2CN%3Bblog%2C17.5.7%2CN%3Bstatistic%2C17.0.1%2CN%3Biblock%2C17.5.4%2CN%3Bfileman%2C17.5.9%2CN%3Bcluster%2C17.0.1%2CN%3Btranslate%2C16.0.0%2CN%3Bb24connector%2C17.5.0%2CN%3Bldap%2C17.0.1%2CN%3Bmail%2C17.5.3%2CN%3Baskaron.agents%2C1.0.1%2CN%3Bsocialnetwork%2C17.5.17%2CN%3Bform%2C17.0.1%2CN%3Bworkflow%2C17.0.1%2CN%3Bidea%2C17.5.0%2CN%3Bbitrixcloud%2C17.0.1%2CN%3Bstoreassist%2C16.0.1%2CN%3Btwim.recaptchafree%2C0.1.1%2CN&reqm=webdebug.antirutin%2Cdev2fun.opengraph%2Cesol.importexportexcel%2Caskaron.agents%2Ctwim.recaptchafree&fullmoduleinfo=Y&SUPD_SRS=RU&SUPD_CMP=Y
2019-08-01 11:00:07 -  - exec CUpdateClientPartner::GetHTTPPage
2019-08-01 11:00:07 -  - TIME GetUpdatesList(request) 0.399 sec
2019-08-01 11:00:07 -  - exec CUpdateClientPartner::ParseServerData
2019-08-01 11:04:19 -  - exec CUpdateClientPartner::GetUpdatesList
2019-08-01 11:04:19 -  - exec CUpdateClientPartner::__CollectRequestData
2019-08-01 11:04:19 -  - utf=Y&lang=ru&stable=Y&CANGZIP=Y&SUPD_DBS=MYSQL&XE=N&CLIENT_SITE=time-avenue.com&LICENSE_KEY=X&SUPD_STS=1&SUPD_URS=0&SUPD_URSA=7&TYPENC=E&CLIENT_PHPVER=7.1.30&NGINX=Y&dbv=5.7.26&instm=main%2C17.5.9%2CN%3Bwebdebug.antirutin%2C17.4.0%2CN%3Blearning%2C17.5.0%2CN%3Blists%2C17.0.14%2CN%3Bvote%2C17.5.0%2CN%3Bbizprocdesigner%2C17.5.1%2CN%3Beshopapp%2C16.5.0%2CN%3Bsecurity%2C17.0.2%2CN%3Bscale%2C17.5.0%2CN%3Bsender%2C17.1.4%2CN%3Bconversion%2C17.5.0%2CN%3Bsearch%2C17.0.1%2CN%3Bwiki%2C17.5.1%2CN%3Bsupport%2C16.0.0%2CN%3Bpull%2C17.5.2%2CN%3Bseo%2C17.5.2%2CN%3Bsubscribe%2C17.5.0%2CN%3Bui%2C17.5.4%2CN%3Bdev2fun.opengraph%2C1.2.11%2CN%3Besol.importexportexcel%2C2.1.2%2CN%3Badvertising%2C17.0.0%2CN%3Bforum%2C17.5.2%2CN%3Bwebservice%2C17.0.0%2CN%3Bperfmon%2C17.0.1%2CN%3Bbizproc%2C17.5.8%2CN%3Bmobileapp%2C17.5.0%2CN%3Breport%2C17.0.0%2CN%3Bcatalog%2C17.5.11%2CN%3Bcurrency%2C17.5.2%2CN%3Bim%2C17.5.9%2CN%3Bsale%2C17.8.5%2CN%3Bcalendar%2C17.5.7%2CN%3Babtest%2C17.5.0%2CN%3Bcompression%2C16.0.0%2CN%3Bphotogallery%2C17.0.2%2CN%3Bsocialservices%2C17.5.2%2CN%3Bhighloadblock%2C17.5.0%2CN%3Bclouds%2C17.0.2%2CN%3Bblog%2C17.5.7%2CN%3Bstatistic%2C17.0.1%2CN%3Biblock%2C17.5.4%2CN%3Bfileman%2C17.5.9%2CN%3Bcluster%2C17.0.1%2CN%3Btranslate%2C16.0.0%2CN%3Bb24connector%2C17.5.0%2CN%3Bldap%2C17.0.1%2CN%3Bmail%2C17.5.3%2CN%3Baskaron.agents%2C1.0.1%2CN%3Bsocialnetwork%2C17.5.17%2CN%3Bform%2C17.0.1%2CN%3Bworkflow%2C17.0.1%2CN%3Bidea%2C17.5.0%2CN%3Bbitrixcloud%2C17.0.1%2CN%3Bstoreassist%2C16.0.1%2CN%3Btwim.recaptchafree%2C0.1.1%2CN&reqm=webdebug.antirutin%2Cdev2fun.opengraph%2Cesol.importexportexcel%2Caskaron.agents%2Ctwim.recaptchafree&fullmoduleinfo=Y&SUPD_SRS=RU&SUPD_CMP=Y
2019-08-01 11:04:19 -  - exec CUpdateClientPartner::GetHTTPPage
2019-08-01 11:04:19 -  - TIME GetUpdatesList(request) 0.282 sec
2019-08-01 11:04:19 -  - exec CUpdateClientPartner::ParseServerData
2019-08-01 11:05:19 -  - exec CUpdateClientPartner::GetUpdatesList
2019-08-01 11:05:19 -  - exec CUpdateClientPartner::__CollectRequestData
2019-08-01 11:05:19 -  - utf=Y&lang=ru&stable=Y&CANGZIP=Y&SUPD_DBS=MYSQL&XE=N&CLIENT_SITE=time-avenue.com&LICENSE_KEY=X&SUPD_STS=1&SUPD_URS=0&SUPD_URSA=7&TYPENC=E&CLIENT_PHPVER=7.1.30&NGINX=Y&dbv=5.7.26&instm=main%2C17.5.9%2CN%3Bwebdebug.antirutin%2C17.4.0%2CN%3Blearning%2C17.5.0%2CN%3Blists%2C17.0.14%2CN%3Bvote%2C17.5.0%2CN%3Bbizprocdesigner%2C17.5.1%2CN%3Beshopapp%2C16.5.0%2CN%3Bsecurity%2C17.0.2%2CN%3Bscale%2C17.5.0%2CN%3Bsender%2C17.1.4%2CN%3Bconversion%2C17.5.0%2CN%3Bsearch%2C17.0.1%2CN%3Bwiki%2C17.5.1%2CN%3Bsupport%2C16.0.0%2CN%3Bpull%2C17.5.2%2CN%3Bseo%2C17.5.2%2CN%3Bsubscribe%2C17.5.0%2CN%3Bui%2C17.5.4%2CN%3Bdev2fun.opengraph%2C1.2.11%2CN%3Besol.importexportexcel%2C2.1.2%2CN%3Badvertising%2C17.0.0%2CN%3Bforum%2C17.5.2%2CN%3Bwebservice%2C17.0.0%2CN%3Bperfmon%2C17.0.1%2CN%3Bbizproc%2C17.5.8%2CN%3Bmobileapp%2C17.5.0%2CN%3Breport%2C17.0.0%2CN%3Bcatalog%2C17.5.11%2CN%3Bcurrency%2C17.5.2%2CN%3Bim%2C17.5.9%2CN%3Bsale%2C17.8.5%2CN%3Bcalendar%2C17.5.7%2CN%3Babtest%2C17.5.0%2CN%3Bcompression%2C16.0.0%2CN%3Bphotogallery%2C17.0.2%2CN%3Bsocialservices%2C17.5.2%2CN%3Bhighloadblock%2C17.5.0%2CN%3Bclouds%2C17.0.2%2CN%3Bblog%2C17.5.7%2CN%3Bstatistic%2C17.0.1%2CN%3Biblock%2C17.5.4%2CN%3Bfileman%2C17.5.9%2CN%3Bcluster%2C17.0.1%2CN%3Btranslate%2C16.0.0%2CN%3Bb24connector%2C17.5.0%2CN%3Bldap%2C17.0.1%2CN%3Bmail%2C17.5.3%2CN%3Baskaron.agents%2C1.0.1%2CN%3Bsocialnetwork%2C17.5.17%2CN%3Bform%2C17.0.1%2CN%3Bworkflow%2C17.0.1%2CN%3Bidea%2C17.5.0%2CN%3Bbitrixcloud%2C17.0.1%2CN%3Bstoreassist%2C16.0.1%2CN%3Btwim.recaptchafree%2C0.1.1%2CN&reqm=webdebug.antirutin%2Cdev2fun.opengraph%2Cesol.importexportexcel%2Caskaron.agents%2Ctwim.recaptchafree&fullmoduleinfo=Y&SUPD_SRS=RU&SUPD_CMP=Y
2019-08-01 11:05:19 -  - exec CUpdateClientPartner::GetHTTPPage
2019-08-01 11:05:20 -  - TIME GetUpdatesList(request) 0.303 sec
2019-08-01 11:05:20 -  - exec CUpdateClientPartner::ParseServerData
2019-08-01 11:10:11 - Ux11 - Ошибка описания модуля "webdebug.imagen"
2019-08-01 11:10:11 -  - exec CUpdateClientPartner::GetUpdatesList
2019-08-01 11:10:11 -  - exec CUpdateClientPartner::__CollectRequestData
2019-08-01 11:10:11 - Ux11 - Ошибка описания модуля "webdebug.imagen"
2019-08-01 11:10:11 - NCRD01 - [Ux11] Ошибка описания модуля "webdebug.imagen". 
2019-08-01 11:10:11 - GUL01 - Empty query list
2019-08-01 11:10:11 - Ux11 - Ошибка описания модуля "webdebug.imagen"
2019-08-01 11:10:19 - Ux11 - Ошибка описания модуля "webdebug.imagen"
2019-08-01 11:10:19 -  - exec CUpdateClientPartner::GetUpdatesList
2019-08-01 11:10:19 -  - exec CUpdateClientPartner::__CollectRequestData
2019-08-01 11:10:19 - Ux11 - Ошибка описания модуля "webdebug.imagen"
2019-08-01 11:10:19 - NCRD01 - [Ux11] Ошибка описания модуля "webdebug.imagen". 
2019-08-01 11:10:19 - GUL01 - Empty query list
2019-08-01 11:10:19 - Ux11 - Ошибка описания модуля "webdebug.imagen"
2019-08-01 11:10:30 - Ux11 - Ошибка описания модуля "webdebug.imagen"
2019-08-01 11:10:30 -  - exec CUpdateClientPartner::GetUpdatesList
2019-08-01 11:10:30 -  - exec CUpdateClientPartner::__CollectRequestData
2019-08-01 11:10:30 - Ux11 - Ошибка описания модуля "webdebug.imagen"
2019-08-01 11:10:30 - NCRD01 - [Ux11] Ошибка описания модуля "webdebug.imagen". 
2019-08-01 11:10:30 - GUL01 - Empty query list
2019-08-01 11:10:30 - Ux11 - Ошибка описания модуля "webdebug.imagen"
2019-08-01 11:11:06 - Ux11 - Ошибка описания модуля "webdebug.imagen"
2019-08-01 11:11:06 -  - exec CUpdateClientPartner::GetUpdatesList
2019-08-01 11:11:06 -  - exec CUpdateClientPartner::__CollectRequestData
2019-08-01 11:11:06 - Ux11 - Ошибка описания модуля "webdebug.imagen"
2019-08-01 11:11:06 - NCRD01 - [Ux11] Ошибка описания модуля "webdebug.imagen". 
2019-08-01 11:11:06 - GUL01 - Empty query list
2019-08-01 11:11:06 - Ux11 - Ошибка описания модуля "webdebug.imagen"
2019-08-01 11:11:28 -  - exec CUpdateClientPartner::GetUpdatesList
2019-08-01 11:11:28 -  - exec CUpdateClientPartner::__CollectRequestData
2019-08-01 11:11:28 -  - utf=Y&lang=ru&stable=Y&CANGZIP=Y&SUPD_DBS=MYSQL&XE=N&CLIENT_SITE=time-avenue.com&LICENSE_KEY=X&SUPD_STS=1&SUPD_URS=0&SUPD_URSA=7&TYPENC=E&CLIENT_PHPVER=7.1.30&NGINX=Y&dbv=5.7.26&instm=main%2C17.5.9%2CN%3Bwebdebug.antirutin%2C17.4.0%2CN%3Blearning%2C17.5.0%2CN%3Blists%2C17.0.14%2CN%3Bvote%2C17.5.0%2CN%3Bbizprocdesigner%2C17.5.1%2CN%3Beshopapp%2C16.5.0%2CN%3Bsecurity%2C17.0.2%2CN%3Bscale%2C17.5.0%2CN%3Bsender%2C17.1.4%2CN%3Bconversion%2C17.5.0%2CN%3Bsearch%2C17.0.1%2CN%3Bwiki%2C17.5.1%2CN%3Bsupport%2C16.0.0%2CN%3Bpull%2C17.5.2%2CN%3Bseo%2C17.5.2%2CN%3Bsubscribe%2C17.5.0%2CN%3Bui%2C17.5.4%2CN%3Bdev2fun.opengraph%2C1.2.11%2CN%3Besol.importexportexcel%2C2.1.2%2CN%3Badvertising%2C17.0.0%2CN%3Bforum%2C17.5.2%2CN%3Bwebservice%2C17.0.0%2CN%3Bperfmon%2C17.0.1%2CN%3Bbizproc%2C17.5.8%2CN%3Bmobileapp%2C17.5.0%2CN%3Breport%2C17.0.0%2CN%3Bcatalog%2C17.5.11%2CN%3Bcurrency%2C17.5.2%2CN%3Bim%2C17.5.9%2CN%3Bsale%2C17.8.5%2CN%3Bcalendar%2C17.5.7%2CN%3Babtest%2C17.5.0%2CN%3Bcompression%2C16.0.0%2CN%3Bphotogallery%2C17.0.2%2CN%3Bsocialservices%2C17.5.2%2CN%3Bhighloadblock%2C17.5.0%2CN%3Bclouds%2C17.0.2%2CN%3Bblog%2C17.5.7%2CN%3Bstatistic%2C17.0.1%2CN%3Biblock%2C17.5.4%2CN%3Bfileman%2C17.5.9%2CN%3Bcluster%2C17.0.1%2CN%3Btranslate%2C16.0.0%2CN%3Bb24connector%2C17.5.0%2CN%3Bldap%2C17.0.1%2CN%3Bmail%2C17.5.3%2CN%3Baskaron.agents%2C1.0.1%2CN%3Bsocialnetwork%2C17.5.17%2CN%3Bform%2C17.0.1%2CN%3Bworkflow%2C17.0.1%2CN%3Bidea%2C17.5.0%2CN%3Bbitrixcloud%2C17.0.1%2CN%3Bstoreassist%2C16.0.1%2CN%3Btwim.recaptchafree%2C0.1.1%2CN&reqm=webdebug.antirutin%2Cdev2fun.opengraph%2Cesol.importexportexcel%2Caskaron.agents%2Ctwim.recaptchafree&fullmoduleinfo=Y&SUPD_SRS=RU&SUPD_CMP=Y
2019-08-01 11:11:28 -  - exec CUpdateClientPartner::GetHTTPPage
2019-08-01 11:11:35 -  - TIME GetUpdatesList(request) 7.642 sec
2019-08-01 11:11:35 -  - exec CUpdateClientPartner::ParseServerData
2019-08-01 11:13:36 -  - exec CUpdateClientPartner::GetUpdatesList
2019-08-01 11:13:36 -  - exec CUpdateClientPartner::__CollectRequestData
2019-08-01 11:13:36 -  - utf=Y&lang=ru&stable=Y&CANGZIP=Y&SUPD_DBS=MYSQL&XE=N&CLIENT_SITE=time-avenue.com&LICENSE_KEY=X&SUPD_STS=1&SUPD_URS=0&SUPD_URSA=7&TYPENC=E&CLIENT_PHPVER=7.1.30&NGINX=Y&dbv=5.7.26&instm=main%2C17.5.9%2CN%3Bwebdebug.antirutin%2C17.4.0%2CN%3Blearning%2C17.5.0%2CN%3Blists%2C17.0.14%2CN%3Bvote%2C17.5.0%2CN%3Bbizprocdesigner%2C17.5.1%2CN%3Beshopapp%2C16.5.0%2CN%3Bsecurity%2C17.0.2%2CN%3Bscale%2C17.5.0%2CN%3Bsender%2C17.1.4%2CN%3Bconversion%2C17.5.0%2CN%3Bsearch%2C17.0.1%2CN%3Bwiki%2C17.5.1%2CN%3Bsupport%2C16.0.0%2CN%3Bpull%2C17.5.2%2CN%3Bseo%2C17.5.2%2CN%3Bsubscribe%2C17.5.0%2CN%3Bui%2C17.5.4%2CN%3Bdev2fun.opengraph%2C1.2.11%2CN%3Besol.importexportexcel%2C2.1.2%2CN%3Badvertising%2C17.0.0%2CN%3Bforum%2C17.5.2%2CN%3Bwebservice%2C17.0.0%2CN%3Bperfmon%2C17.0.1%2CN%3Bbizproc%2C17.5.8%2CN%3Bmobileapp%2C17.5.0%2CN%3Breport%2C17.0.0%2CN%3Bcatalog%2C17.5.11%2CN%3Bcurrency%2C17.5.2%2CN%3Bim%2C17.5.9%2CN%3Bsale%2C17.8.5%2CN%3Bcalendar%2C17.5.7%2CN%3Babtest%2C17.5.0%2CN%3Bcompression%2C16.0.0%2CN%3Bphotogallery%2C17.0.2%2CN%3Bsocialservices%2C17.5.2%2CN%3Bhighloadblock%2C17.5.0%2CN%3Bclouds%2C17.0.2%2CN%3Bblog%2C17.5.7%2CN%3Bstatistic%2C17.0.1%2CN%3Biblock%2C17.5.4%2CN%3Bfileman%2C17.5.9%2CN%3Bcluster%2C17.0.1%2CN%3Btranslate%2C16.0.0%2CN%3Bb24connector%2C17.5.0%2CN%3Bldap%2C17.0.1%2CN%3Bmail%2C17.5.3%2CN%3Baskaron.agents%2C1.0.1%2CN%3Bsocialnetwork%2C17.5.17%2CN%3Bform%2C17.0.1%2CN%3Bworkflow%2C17.0.1%2CN%3Bidea%2C17.5.0%2CN%3Bbitrixcloud%2C17.0.1%2CN%3Bstoreassist%2C16.0.1%2CN%3Btwim.recaptchafree%2C0.1.1%2CN%3Bwebdebug.image%2C1.3.11%2CY&reqm=webdebug.antirutin%2Cdev2fun.opengraph%2Cesol.importexportexcel%2Caskaron.agents%2Ctwim.recaptchafree%2Cwebdebug.image&fullmoduleinfo=Y&SUPD_SRS=RU&SUPD_CMP=Y
2019-08-01 11:13:36 -  - exec CUpdateClientPartner::GetHTTPPage
2019-08-01 11:13:36 -  - TIME GetUpdatesList(request) 0.298 sec
2019-08-01 11:13:36 -  - exec CUpdateClientPartner::ParseServerData
2019-08-01 11:24:56 -  - exec CUpdateClientPartner::GetUpdatesList
2019-08-01 11:24:56 -  - exec CUpdateClientPartner::__CollectRequestData
2019-08-01 11:24:56 -  - utf=Y&lang=ru&stable=Y&CANGZIP=Y&SUPD_DBS=MYSQL&XE=N&CLIENT_SITE=time-avenue.com&LICENSE_KEY=X&SUPD_STS=1&SUPD_URS=0&SUPD_URSA=7&TYPENC=E&CLIENT_PHPVER=7.1.30&NGINX=Y&dbv=5.7.26&instm=main%2C17.5.9%2CN%3Bwebdebug.antirutin%2C17.4.0%2CN%3Blearning%2C17.5.0%2CN%3Blists%2C17.0.14%2CN%3Bvote%2C17.5.0%2CN%3Bbizprocdesigner%2C17.5.1%2CN%3Beshopapp%2C16.5.0%2CN%3Bsecurity%2C17.0.2%2CN%3Bscale%2C17.5.0%2CN%3Bsender%2C17.1.4%2CN%3Bconversion%2C17.5.0%2CN%3Bsearch%2C17.0.1%2CN%3Bwiki%2C17.5.1%2CN%3Bsupport%2C16.0.0%2CN%3Bpull%2C17.5.2%2CN%3Bseo%2C17.5.2%2CN%3Bsubscribe%2C17.5.0%2CN%3Bui%2C17.5.4%2CN%3Bdev2fun.opengraph%2C1.2.11%2CN%3Besol.importexportexcel%2C2.1.2%2CN%3Badvertising%2C17.0.0%2CN%3Bforum%2C17.5.2%2CN%3Bwebservice%2C17.0.0%2CN%3Bperfmon%2C17.0.1%2CN%3Bbizproc%2C17.5.8%2CN%3Bmobileapp%2C17.5.0%2CN%3Breport%2C17.0.0%2CN%3Bcatalog%2C17.5.11%2CN%3Bcurrency%2C17.5.2%2CN%3Bim%2C17.5.9%2CN%3Bsale%2C17.8.5%2CN%3Bcalendar%2C17.5.7%2CN%3Babtest%2C17.5.0%2CN%3Bcompression%2C16.0.0%2CN%3Bphotogallery%2C17.0.2%2CN%3Bsocialservices%2C17.5.2%2CN%3Bhighloadblock%2C17.5.0%2CN%3Bclouds%2C17.0.2%2CN%3Bblog%2C17.5.7%2CN%3Bstatistic%2C17.0.1%2CN%3Biblock%2C17.5.4%2CN%3Bfileman%2C17.5.9%2CN%3Bcluster%2C17.0.1%2CN%3Btranslate%2C16.0.0%2CN%3Bb24connector%2C17.5.0%2CN%3Bldap%2C17.0.1%2CN%3Bmail%2C17.5.3%2CN%3Baskaron.agents%2C1.0.1%2CN%3Bsocialnetwork%2C17.5.17%2CN%3Bform%2C17.0.1%2CN%3Bworkflow%2C17.0.1%2CN%3Bidea%2C17.5.0%2CN%3Bbitrixcloud%2C17.0.1%2CN%3Bstoreassist%2C16.0.1%2CN%3Btwim.recaptchafree%2C0.1.1%2CN%3Bwebdebug.image%2C1.3.11%2CN&reqm=webdebug.antirutin%2Cdev2fun.opengraph%2Cesol.importexportexcel%2Caskaron.agents%2Ctwim.recaptchafree%2Cwebdebug.image&fullmoduleinfo=Y&SUPD_SRS=RU&SUPD_CMP=Y
2019-08-01 11:24:56 -  - exec CUpdateClientPartner::GetHTTPPage
2019-08-01 11:24:57 -  - TIME GetUpdatesList(request) 0.266 sec
2019-08-01 11:24:57 -  - exec CUpdateClientPartner::ParseServerData
2019-08-22 11:04:14 -  - exec CUpdateClientPartner::GetUpdatesList
2019-08-22 11:04:14 -  - exec CUpdateClientPartner::__CollectRequestData
2019-08-22 11:04:14 -  - utf=Y&lang=ru&stable=Y&CANGZIP=Y&SUPD_DBS=MYSQL&XE=N&CLIENT_SITE=time-avenue.com&LICENSE_KEY=X&SUPD_STS=1&SUPD_URS=0&SUPD_URSA=11&TYPENC=E&CLIENT_PHPVER=7.1.30&NGINX=Y&dbv=5.7.26&instm=main%2C17.5.9%2CN%3Bwebdebug.antirutin%2C17.4.0%2CN%3Blearning%2C17.5.0%2CN%3Blists%2C17.0.14%2CN%3Bvote%2C17.5.0%2CN%3Bbizprocdesigner%2C17.5.1%2CN%3Beshopapp%2C16.5.0%2CN%3Bsecurity%2C17.0.2%2CN%3Bscale%2C17.5.0%2CN%3Bsender%2C17.1.4%2CN%3Bconversion%2C17.5.0%2CN%3Bsearch%2C17.0.1%2CN%3Bwiki%2C17.5.1%2CN%3Bsupport%2C16.0.0%2CN%3Bpull%2C17.5.2%2CN%3Bseo%2C17.5.2%2CN%3Bsubscribe%2C17.5.0%2CN%3Bui%2C17.5.4%2CN%3Bdev2fun.opengraph%2C1.2.11%2CN%3Besol.importexportexcel%2C2.1.2%2CN%3Badvertising%2C17.0.0%2CN%3Bforum%2C17.5.2%2CN%3Bwebservice%2C17.0.0%2CN%3Bperfmon%2C17.0.1%2CN%3Bbizproc%2C17.5.8%2CN%3Bmobileapp%2C17.5.0%2CN%3Breport%2C17.0.0%2CN%3Bcatalog%2C17.5.11%2CN%3Bcurrency%2C17.5.2%2CN%3Bim%2C17.5.9%2CN%3Bsale%2C17.8.5%2CN%3Bcalendar%2C17.5.7%2CN%3Babtest%2C17.5.0%2CN%3Bcompression%2C16.0.0%2CN%3Bphotogallery%2C17.0.2%2CN%3Bsocialservices%2C17.5.2%2CN%3Bhighloadblock%2C17.5.0%2CN%3Bclouds%2C17.0.2%2CN%3Bblog%2C17.5.7%2CN%3Bstatistic%2C17.0.1%2CN%3Biblock%2C17.5.4%2CN%3Bfileman%2C17.5.9%2CN%3Bcluster%2C17.0.1%2CN%3Btranslate%2C16.0.0%2CN%3Bb24connector%2C17.5.0%2CN%3Bldap%2C17.0.1%2CN%3Bmail%2C17.5.3%2CN%3Baskaron.agents%2C1.0.1%2CN%3Bsocialnetwork%2C17.5.17%2CN%3Bform%2C17.0.1%2CN%3Bworkflow%2C17.0.1%2CN%3Bidea%2C17.5.0%2CN%3Bbitrixcloud%2C17.0.1%2CN%3Bstoreassist%2C16.0.1%2CN%3Btwim.recaptchafree%2C0.1.1%2CN%3Bwebdebug.image%2C1.3.11%2CN&reqm=webdebug.antirutin%2Cdev2fun.opengraph%2Cesol.importexportexcel%2Caskaron.agents%2Ctwim.recaptchafree%2Cwebdebug.image&fullmoduleinfo=Y&SUPD_SRS=RU&SUPD_CMP=Y
2019-08-22 11:04:14 -  - exec CUpdateClientPartner::GetHTTPPage
2019-08-22 11:04:14 -  - TIME GetUpdatesList(request) 0.275 sec
2019-08-22 11:04:14 -  - exec CUpdateClientPartner::ParseServerData
2019-08-27 10:29:33 -  - exec CUpdateClientPartner::GetUpdatesList
2019-08-27 10:29:33 -  - exec CUpdateClientPartner::__CollectRequestData
2019-08-27 10:29:34 -  - utf=Y&lang=ru&stable=Y&CANGZIP=Y&SUPD_DBS=MYSQL&XE=N&CLIENT_SITE=time-avenue.com&LICENSE_KEY=X&SUPD_STS=1&SUPD_URS=0&SUPD_URSA=22&TYPENC=E&CLIENT_PHPVER=7.1.30&NGINX=Y&dbv=5.7.26&instm=main%2C17.5.9%2CN%3Bwebdebug.antirutin%2C17.4.0%2CN%3Blearning%2C17.5.0%2CN%3Blists%2C17.0.14%2CN%3Bvote%2C17.5.0%2CN%3Bbizprocdesigner%2C17.5.1%2CN%3Beshopapp%2C16.5.0%2CN%3Bsecurity%2C17.0.2%2CN%3Bscale%2C17.5.0%2CN%3Bsender%2C17.1.4%2CN%3Bconversion%2C17.5.0%2CN%3Bsearch%2C17.0.1%2CN%3Bwiki%2C17.5.1%2CN%3Bsupport%2C16.0.0%2CN%3Bpull%2C17.5.2%2CN%3Bseo%2C17.5.2%2CN%3Bsubscribe%2C17.5.0%2CN%3Bui%2C17.5.4%2CN%3Bdev2fun.opengraph%2C1.2.11%2CN%3Besol.importexportexcel%2C2.1.2%2CN%3Badvertising%2C17.0.0%2CN%3Bforum%2C17.5.2%2CN%3Bwebservice%2C17.0.0%2CN%3Bperfmon%2C17.0.1%2CN%3Bbizproc%2C17.5.8%2CN%3Bmobileapp%2C17.5.0%2CN%3Breport%2C17.0.0%2CN%3Bcatalog%2C17.5.11%2CN%3Bcurrency%2C17.5.2%2CN%3Bim%2C17.5.9%2CN%3Bsale%2C17.8.5%2CN%3Bcalendar%2C17.5.7%2CN%3Babtest%2C17.5.0%2CN%3Bcompression%2C16.0.0%2CN%3Bphotogallery%2C17.0.2%2CN%3Bsocialservices%2C17.5.2%2CN%3Bhighloadblock%2C17.5.0%2CN%3Bclouds%2C17.0.2%2CN%3Bblog%2C17.5.7%2CN%3Bstatistic%2C17.0.1%2CN%3Biblock%2C17.5.4%2CN%3Bfileman%2C17.5.9%2CN%3Bcluster%2C17.0.1%2CN%3Btranslate%2C16.0.0%2CN%3Bb24connector%2C17.5.0%2CN%3Bldap%2C17.0.1%2CN%3Bmail%2C17.5.3%2CN%3Baskaron.agents%2C1.0.1%2CN%3Bsocialnetwork%2C17.5.17%2CN%3Bform%2C17.0.1%2CN%3Bworkflow%2C17.0.1%2CN%3Bidea%2C17.5.0%2CN%3Bbitrixcloud%2C17.0.1%2CN%3Bstoreassist%2C16.0.1%2CN%3Btwim.recaptchafree%2C0.1.1%2CN%3Bwebdebug.image%2C1.3.11%2CN&reqm=e&fullmoduleinfo=Y&SUPD_SRS=RU&SUPD_CMP=Y
2019-08-27 10:29:34 -  - exec CUpdateClientPartner::GetHTTPPage
2019-08-27 10:29:34 -  - TIME GetUpdatesList(request) 0.39 sec
2019-08-27 10:29:34 -  - exec CUpdateClientPartner::ParseServerData
2019-10-18 14:57:44 -  - exec CUpdateClientPartner::GetUpdatesList
2019-10-18 14:57:44 -  - exec CUpdateClientPartner::__CollectRequestData
2019-10-18 14:57:45 -  - utf=Y&lang=ru&stable=Y&CANGZIP=Y&SUPD_DBS=MYSQL&XE=N&CLIENT_SITE=time-avenue.com&LICENSE_KEY=X&SUPD_STS=1&SUPD_URS=0&SUPD_URSA=310&TYPENC=E&CLIENT_PHPVER=7.1.30&NGINX=Y&dbv=5.7.26&instm=main%2C17.5.9%2CN%3Bwebdebug.antirutin%2C17.4.0%2CN%3Blearning%2C17.5.0%2CN%3Blists%2C17.0.14%2CN%3Bvote%2C17.5.0%2CN%3Bbizprocdesigner%2C17.5.1%2CN%3Beshopapp%2C16.5.0%2CN%3Bsecurity%2C17.0.2%2CN%3Bscale%2C17.5.0%2CN%3Bsender%2C17.1.4%2CN%3Bconversion%2C17.5.0%2CN%3Bsearch%2C17.0.1%2CN%3Bwiki%2C17.5.1%2CN%3Bsupport%2C16.0.0%2CN%3Bpull%2C17.5.2%2CN%3Bseo%2C17.5.2%2CN%3Bsubscribe%2C17.5.0%2CN%3Bui%2C17.5.4%2CN%3Bdev2fun.opengraph%2C1.2.11%2CN%3Besol.importexportexcel%2C2.1.2%2CN%3Badvertising%2C17.0.0%2CN%3Bforum%2C17.5.2%2CN%3Bwebservice%2C17.0.0%2CN%3Bperfmon%2C17.0.1%2CN%3Bbizproc%2C17.5.8%2CN%3Bmobileapp%2C17.5.0%2CN%3Breport%2C17.0.0%2CN%3Bcatalog%2C17.5.11%2CN%3Bcurrency%2C17.5.2%2CN%3Bim%2C17.5.9%2CN%3Bsale%2C17.8.5%2CN%3Bcalendar%2C17.5.7%2CN%3Babtest%2C17.5.0%2CN%3Bcompression%2C16.0.0%2CN%3Bphotogallery%2C17.0.2%2CN%3Bsocialservices%2C17.5.2%2CN%3Bhighloadblock%2C17.5.0%2CN%3Bclouds%2C17.0.2%2CN%3Bblog%2C17.5.7%2CN%3Bstatistic%2C17.0.1%2CN%3Biblock%2C17.5.4%2CN%3Bfileman%2C17.5.9%2CN%3Bcluster%2C17.0.1%2CN%3Btranslate%2C16.0.0%2CN%3Bb24connector%2C17.5.0%2CN%3Bldap%2C17.0.1%2CN%3Bmail%2C17.5.3%2CN%3Baskaron.agents%2C1.0.1%2CN%3Bsocialnetwork%2C17.5.17%2CN%3Bform%2C17.0.1%2CN%3Bworkflow%2C17.0.1%2CN%3Bidea%2C17.5.0%2CN%3Bbitrixcloud%2C17.0.1%2CN%3Bstoreassist%2C16.0.1%2CN%3Btwim.recaptchafree%2C0.1.1%2CN%3Bwebdebug.image%2C1.3.11%2CN&reqm=e&fullmoduleinfo=Y&SUPD_SRS=RU&SUPD_CMP=Y
2019-10-18 14:57:45 -  - exec CUpdateClientPartner::GetHTTPPage
2019-10-18 14:57:45 -  - TIME GetUpdatesList(request) 0.228 sec
2019-10-18 14:57:45 -  - exec CUpdateClientPartner::ParseServerData
2020-01-13 22:24:41 -  - exec CUpdateClientPartner::GetUpdatesList
2020-01-13 22:24:41 -  - exec CUpdateClientPartner::__CollectRequestData
2020-01-13 22:24:41 -  - utf=Y&lang=ru&stable=Y&CANGZIP=Y&SUPD_DBS=MYSQL&XE=N&CLIENT_SITE=time-avenue.com&LICENSE_KEY=X&SUPD_STS=1&SUPD_URS=0&SUPD_URSA=1043&TYPENC=E&CLIENT_PHPVER=7.2.26&NGINX=Y&dbv=5.7.28&instm=main%2C17.5.9%2CN%3Bblog%2C17.5.7%2CN%3Baskaron.agents%2C1.0.1%2CN%3Besol.importexportexcel%2C2.1.2%2CN%3Bhighloadblock%2C17.5.0%2CN%3Badvertising%2C17.0.0%2CN%3Bseo%2C17.5.2%2CN%3Bmobileapp%2C17.5.0%2CN%3Bforum%2C17.5.2%2CN%3Beshopapp%2C16.5.0%2CN%3Bsupport%2C16.0.0%2CN%3Bwebdebug.antirutin%2C17.4.0%2CN%3Bldap%2C17.0.1%2CN%3Bform%2C17.0.1%2CN%3Bsender%2C17.1.4%2CN%3Bdev2fun.opengraph%2C1.2.11%2CN%3Bcompression%2C16.0.0%2CN%3Bfileman%2C17.5.9%2CN%3Blearning%2C17.5.0%2CN%3Btranslate%2C16.0.0%2CN%3Bwebdebug.image%2C1.3.11%2CN%3Bwiki%2C17.5.1%2CN%3Bwebservice%2C17.0.0%2CN%3Bcalendar%2C17.5.7%2CN%3Bstatistic%2C17.0.1%2CN%3Biblock%2C17.5.4%2CN%3Bim%2C17.5.9%2CN%3Bconversion%2C17.5.0%2CN%3Breport%2C17.0.0%2CN%3Bsearch%2C17.0.1%2CN%3Babtest%2C17.5.0%2CN%3Bphotogallery%2C17.0.2%2CN%3Bcurrency%2C17.5.2%2CN%3Bsocialservices%2C17.5.2%2CN%3Bvote%2C17.5.0%2CN%3Bsubscribe%2C17.5.0%2CN%3Bsocialnetwork%2C17.5.17%2CN%3Bworkflow%2C17.0.1%2CN%3Bb24connector%2C17.5.0%2CN%3Blists%2C17.0.14%2CN%3Bbizprocdesigner%2C17.5.1%2CN%3Bperfmon%2C17.0.1%2CN%3Bbitrixcloud%2C17.0.1%2CN%3Bclouds%2C17.0.2%2CN%3Bstoreassist%2C16.0.1%2CN%3Bpull%2C17.5.2%2CN%3Bbizproc%2C17.5.8%2CN%3Bmail%2C17.5.3%2CN%3Bsale%2C17.8.5%2CN%3Bsecurity%2C17.0.2%2CN%3Bcatalog%2C17.5.11%2CN%3Bscale%2C17.5.0%2CN%3Bidea%2C17.5.0%2CN%3Bui%2C17.5.4%2CN%3Bcluster%2C17.0.1%2CN%3Btwim.recaptchafree%2C0.1.1%2CN&reqm=askaron.agents%2Cesol.importexportexcel%2Cwebdebug.antirutin%2Cdev2fun.opengraph%2Cwebdebug.image%2Ctwim.recaptchafree&fullmoduleinfo=Y&SUPD_SRS=RU&SUPD_CMP=N
2020-01-13 22:24:41 -  - exec CUpdateClientPartner::GetHTTPPage
2020-01-13 22:24:41 -  - TIME GetUpdatesList(request) 0.292 sec
2020-01-13 22:24:41 -  - exec CUpdateClientPartner::ParseServerData
2020-11-12 18:34:58 -  - exec CUpdateClientPartner::GetUpdatesList
2020-11-12 18:34:58 -  - exec CUpdateClientPartner::__CollectRequestData
2020-11-12 18:34:58 -  - utf=Y&lang=ru&stable=Y&CANGZIP=Y&SUPD_DBS=MYSQL&XE=N&CLIENT_SITE=rtxshop.ru&LICENSE_KEY=X&SUPD_STS=1&SUPD_URS=0&SUPD_URSA=1175&TYPENC=E&CLIENT_PHPVER=7.1.24&NGINX=Y&dbv=5.7.23&instm=main%2C17.5.9%2CN%3Badvertising%2C17.0.0%2CN%3Babtest%2C17.5.0%2CN%3Baskaron.agents%2C1.0.1%2CN%3Bb24connector%2C17.5.0%2CN%3Bbitrixcloud%2C17.0.1%2CN%3Bbizproc%2C17.5.8%2CN%3Bbizprocdesigner%2C17.5.1%2CN%3Bblog%2C17.5.7%2CN%3Bcalendar%2C17.5.7%2CN%3Bcatalog%2C17.5.11%2CN%3Bclouds%2C17.0.2%2CN%3Bcluster%2C17.0.1%2CN%3Bcompression%2C16.0.0%2CN%3Bconversion%2C17.5.0%2CN%3Bcurrency%2C17.5.2%2CN%3Bdev2fun.opengraph%2C1.2.11%2CN%3Beshopapp%2C16.5.0%2CN%3Besol.importexportexcel%2C2.1.2%2CN%3Bfileman%2C17.5.9%2CN%3Bform%2C17.0.1%2CN%3Bforum%2C17.5.2%2CN%3Bhighloadblock%2C17.5.0%2CN%3Biblock%2C17.5.4%2CN%3Bidea%2C17.5.0%2CN%3Bim%2C17.5.9%2CN%3Bldap%2C17.0.1%2CN%3Blearning%2C17.5.0%2CN%3Blists%2C17.0.14%2CN%3Bmail%2C17.5.3%2CN%3Bperfmon%2C17.0.1%2CN%3Bmobileapp%2C17.5.0%2CN%3Bphotogallery%2C17.0.2%2CN%3Bpull%2C17.5.2%2CN%3Breport%2C17.0.0%2CN%3Bsale%2C17.8.5%2CN%3Bscale%2C17.5.0%2CN%3Bsearch%2C17.0.1%2CN%3Bsecurity%2C17.0.2%2CN%3Bsender%2C17.1.4%2CN%3Bseo%2C17.5.2%2CN%3Bsocialnetwork%2C17.5.17%2CN%3Bsocialservices%2C17.5.2%2CN%3Bstatistic%2C17.0.1%2CN%3Bstoreassist%2C16.0.1%2CN%3Bsubscribe%2C17.5.0%2CN%3Bsupport%2C16.0.0%2CN%3Btranslate%2C16.0.0%2CN%3Btwim.recaptchafree%2C0.1.1%2CN%3Bui%2C17.5.4%2CN%3Bvote%2C17.5.0%2CN%3Bwebdebug.antirutin%2C17.4.0%2CN%3Bwebdebug.image%2C1.3.11%2CN%3Bwebservice%2C17.0.0%2CN%3Bwiki%2C17.5.1%2CN%3Bworkflow%2C17.0.1%2CN&reqm=e&fullmoduleinfo=Y&SUPD_SRS=RU&SUPD_CMP=Y
2020-11-12 18:34:58 -  - exec CUpdateClientPartner::GetHTTPPage
2020-11-12 18:34:59 -  - TIME GetUpdatesList(request) 0.247 sec
2020-11-12 18:34:59 -  - exec CUpdateClientPartner::ParseServerData
2020-12-13 16:11:07 -  - exec CUpdateClientPartner::GetUpdatesList
2020-12-13 16:11:07 -  - exec CUpdateClientPartner::__CollectRequestData
2020-12-13 16:11:08 -  - utf=Y&lang=ru&stable=Y&CANGZIP=Y&SUPD_DBS=MYSQL&XE=N&CLIENT_SITE=rtxshop.ru&LICENSE_KEY=X&SUPD_STS=1&SUPD_URS=0&SUPD_URSA=1178&TYPENC=E&CLIENT_PHPVER=7.1.24&NGINX=Y&dbv=5.7.23&instm=main%2C17.5.9%2CN%3Badvertising%2C17.0.0%2CN%3Babtest%2C17.5.0%2CN%3Baskaron.agents%2C1.0.1%2CN%3Bb24connector%2C17.5.0%2CN%3Bbitrixcloud%2C17.0.1%2CN%3Bbizproc%2C17.5.8%2CN%3Bbizprocdesigner%2C17.5.1%2CN%3Bblog%2C17.5.7%2CN%3Bcalendar%2C17.5.7%2CN%3Bcatalog%2C17.5.11%2CN%3Bclouds%2C17.0.2%2CN%3Bcluster%2C17.0.1%2CN%3Bcompression%2C16.0.0%2CN%3Bconversion%2C17.5.0%2CN%3Bcurrency%2C17.5.2%2CN%3Bdev2fun.opengraph%2C1.2.11%2CN%3Beshopapp%2C16.5.0%2CN%3Besol.importexportexcel%2C2.1.2%2CN%3Bfileman%2C17.5.9%2CN%3Bform%2C17.0.1%2CN%3Bforum%2C17.5.2%2CN%3Bhighloadblock%2C17.5.0%2CN%3Biblock%2C17.5.4%2CN%3Bidea%2C17.5.0%2CN%3Bim%2C17.5.9%2CN%3Bldap%2C17.0.1%2CN%3Blearning%2C17.5.0%2CN%3Blists%2C17.0.14%2CN%3Bmail%2C17.5.3%2CN%3Bperfmon%2C17.0.1%2CN%3Bmobileapp%2C17.5.0%2CN%3Bphotogallery%2C17.0.2%2CN%3Bpull%2C17.5.2%2CN%3Breport%2C17.0.0%2CN%3Bsale%2C17.8.5%2CN%3Bscale%2C17.5.0%2CN%3Bsearch%2C17.0.1%2CN%3Bsecurity%2C17.0.2%2CN%3Bsender%2C17.1.4%2CN%3Bseo%2C17.5.2%2CN%3Bsocialnetwork%2C17.5.17%2CN%3Bsocialservices%2C17.5.2%2CN%3Bstatistic%2C17.0.1%2CN%3Bstoreassist%2C16.0.1%2CN%3Bsubscribe%2C17.5.0%2CN%3Bsupport%2C16.0.0%2CN%3Btranslate%2C16.0.0%2CN%3Btwim.recaptchafree%2C0.1.1%2CN%3Bui%2C17.5.4%2CN%3Bvote%2C17.5.0%2CN%3Bwebdebug.antirutin%2C17.4.0%2CN%3Bwebdebug.image%2C1.3.11%2CN%3Bwebservice%2C17.0.0%2CN%3Bwiki%2C17.5.1%2CN%3Bworkflow%2C17.0.1%2CN&reqm=e&fullmoduleinfo=Y&SUPD_SRS=RU&SUPD_CMP=Y
2020-12-13 16:11:08 -  - exec CUpdateClientPartner::GetHTTPPage
2020-12-13 16:11:08 -  - TIME GetUpdatesList(request) 0.339 sec
2020-12-13 16:11:08 -  - exec CUpdateClientPartner::ParseServerData
2020-12-25 20:23:15 -  - exec CUpdateClientPartner::GetUpdatesList
2020-12-25 20:23:15 -  - exec CUpdateClientPartner::__CollectRequestData
2020-12-25 20:23:17 -  - utf=Y&lang=ru&stable=Y&CANGZIP=Y&SUPD_DBS=MYSQL&XE=N&CLIENT_SITE=localhost&LICENSE_KEY=X&SUPD_STS=1&SUPD_URS=0&SUPD_URSA=1&TYPENC=E&CLIENT_PHPVER=7.2.34&NGINX=Y&dbv=10.4.11&instm=main%2C17.5.9%2CN%3Babtest%2C17.5.0%2CN%3Badvertising%2C17.0.0%2CN%3Baskaron.agents%2C1.0.1%2CN%3Bb24connector%2C17.5.0%2CN%3Bbitrixcloud%2C17.0.1%2CN%3Bbizproc%2C17.5.8%2CN%3Bbizprocdesigner%2C17.5.1%2CN%3Bblog%2C17.5.7%2CN%3Bcalendar%2C17.5.7%2CN%3Bcatalog%2C17.5.11%2CN%3Bclouds%2C17.0.2%2CN%3Bcluster%2C17.0.1%2CN%3Bcompression%2C16.0.0%2CN%3Bconversion%2C17.5.0%2CN%3Bcurrency%2C17.5.2%2CN%3Bdev2fun.opengraph%2C1.2.11%2CN%3Beshopapp%2C16.5.0%2CN%3Besol.importexportexcel%2C2.1.2%2CN%3Bfileman%2C17.5.9%2CN%3Bform%2C17.0.1%2CN%3Bforum%2C17.5.2%2CN%3Bhighloadblock%2C17.5.0%2CN%3Biblock%2C17.5.4%2CN%3Bidea%2C17.5.0%2CN%3Bim%2C17.5.9%2CN%3Bldap%2C17.0.1%2CN%3Blearning%2C17.5.0%2CN%3Blists%2C17.0.14%2CN%3Bmail%2C17.5.3%2CN%3Bmobileapp%2C17.5.0%2CN%3Bperfmon%2C17.0.1%2CN%3Bphotogallery%2C17.0.2%2CN%3Bpull%2C17.5.2%2CN%3Breport%2C17.0.0%2CN%3Bsale%2C17.8.5%2CN%3Bscale%2C17.5.0%2CN%3Bsearch%2C17.0.1%2CN%3Bsecurity%2C17.0.2%2CN%3Bsender%2C17.1.4%2CN%3Bseo%2C17.5.2%2CN%3Bsocialnetwork%2C17.5.17%2CN%3Bsocialservices%2C17.5.2%2CN%3Bstatistic%2C17.0.1%2CN%3Bstoreassist%2C16.0.1%2CN%3Bsubscribe%2C17.5.0%2CN%3Bsupport%2C16.0.0%2CN%3Btranslate%2C16.0.0%2CN%3Btwim.recaptchafree%2C0.1.1%2CN%3Bui%2C17.5.4%2CN%3Bvote%2C17.5.0%2CN%3Bwebdebug.antirutin%2C17.4.0%2CN%3Bwebdebug.image%2C1.3.11%2CN%3Bwebservice%2C17.0.0%2CN%3Bwiki%2C17.5.1%2CN%3Bworkflow%2C17.0.1%2CN&reqm=e&fullmoduleinfo=Y&SUPD_SRS=RU&SUPD_CMP=N
2020-12-25 20:23:17 -  - exec CUpdateClientPartner::GetHTTPPage
2020-12-25 20:23:18 -  - TIME GetUpdatesList(request) 0.621 sec
2020-12-25 20:23:18 -  - exec CUpdateClientPartner::ParseServerData
