2020-Nov-13 01:43:44 Наличие необходимых модулей php (check_php_modules): Ok
Все необходимые модули установлены
2020-Nov-13 01:43:44 Обязательные параметры PHP (check_php_settings): Ok
Настройки правильные
2020-Nov-13 01:43:44 Модули веб-сервера (check_security): Ok
Конфликтов не выявлено
2020-Nov-13 01:43:44 Значения переменных сервера (check_server_vars): Ok
Корректные
2020-Nov-13 01:43:44 Сохранение сессии (check_session): Ok
50% done
2020-Nov-13 01:43:44 Сохранение сессии (check_session): Ok
Успешно
2020-Nov-13 01:43:44 Параметры настройки UTF (mbstring и константа BX_UTF) (check_mbstring): Ok
Правильные. Сайт работает в UTF кодировке
2020-Nov-13 01:43:44 Служебные скрипты в корне сайта (check_install_scripts): Ok
Отсутствуют
2020-Nov-13 01:43:45 Работа с сокетами (check_socket): Ok
Connection to ssl://rtxshop.ru:443	Success

Успешно
2020-Nov-13 01:43:45 Выполнение агентов на cron (check_bx_crontab): Fail
Ошибка! Не настроен запуск cron_events.php на cron, последний агент отработал больше суток назад.
2020-Nov-13 01:43:45 Параметры подключения к базе данных (check_dbconn_settings): Ok
Успешно
2020-Nov-13 01:43:45 Лишний вывод в файлах конфигурации (check_dbconn): Ok
Connection to ssl://rtxshop.ru:443	Success

Успешно
2020-Nov-13 01:43:45 Сохранение сессии без UserAgent (check_session_ua): Ok
50% done
Connection to ssl://rtxshop.ru:443	Success

2020-Nov-13 01:43:45 Сохранение сессии без UserAgent (check_session_ua): Ok
Connection to ssl://rtxshop.ru:443	Success

Успешно
2020-Nov-13 01:43:45 Настройки сайтов (check_sites): Ok
Правильные
2020-Nov-13 01:43:45 Передача объектов по ссылке (check_clone): Ok
Успешно
2020-Nov-13 01:43:45 Размер стека и pcre.recursion_limit (check_pcre_recursion): Ok
Connection to ssl://rtxshop.ru:443	Success

Успешно
2020-Nov-13 01:43:45 Загрузка файла (check_upload): Ok
Connection to ssl://rtxshop.ru:443	Success

Успешно
2020-Nov-13 01:43:46 Загрузка файла больше 4Мб (check_upload_big): Ok
Connection to ssl://rtxshop.ru:443	Success

Успешно
2020-Nov-13 01:43:46 Загрузка файла через php://input (check_upload_raw): Ok
Connection to ssl://rtxshop.ru:443	Success

Успешно
2020-Nov-13 01:43:46 Передача POST запроса с большим числом параметров (check_post): Ok
Connection to ssl://rtxshop.ru:443	Success

Успешно
2020-Nov-13 01:43:47 Отправка почты (check_mail): Ok
Успешно
2020-Nov-13 01:43:49 Отправка почтового сообщения больше 64Кб (check_mail_big): Fail
Ошибка! Не работает
2020-Nov-13 01:43:49 Проверка на наличие неотправленных сообщений (check_mail_b_event): Ok
Успешно
2020-Nov-13 01:43:49 Внутреннее перенаправление (функция LocalRedirect) (check_localredirect): Ok
50% done
Connection to ssl://rtxshop.ru:443	Success

2020-Nov-13 01:43:49 Внутреннее перенаправление (функция LocalRedirect) (check_localredirect): Fail
Connection to ssl://rtxshop.ru:80	Fail
Socket error [0]: 

Ошибка! Не работает
2020-Nov-13 01:43:49 Фактическое ограничение памяти (check_memory_limit): Ok
20% done
Connection to ssl://rtxshop.ru:443	Success

2020-Nov-13 01:43:49 Фактическое ограничение памяти (check_memory_limit): Ok
40% done
Connection to ssl://rtxshop.ru:443	Success

2020-Nov-13 01:43:49 Фактическое ограничение памяти (check_memory_limit): Ok
60% done
Connection to ssl://rtxshop.ru:443	Success

2020-Nov-13 01:43:50 Фактическое ограничение памяти (check_memory_limit): Ok
80% done
Connection to ssl://rtxshop.ru:443	Success

2020-Nov-13 01:43:51 Фактическое ограничение памяти (check_memory_limit): Ok
Connection to ssl://rtxshop.ru:443	Success

Не менее 256 М
2020-Nov-13 01:43:51 Работа с файлами кеша (check_cache): Ok
Успешно
2020-Nov-13 01:43:51 Доступ к серверу обновлений (check_update): Ok
Успешно
2020-Nov-13 01:43:51 HTTP авторизация (check_http_auth): Ok
Connection to ssl://rtxshop.ru:443	Success

Успешно
2020-Nov-13 01:43:51 Создание и запуск файла (check_exec): Ok
Connection to ssl://rtxshop.ru:443	Success

Успешно
2020-Nov-13 01:43:51 Функция getimagesize для swf (check_getimagesize): Ok
Успешно
2020-Nov-13 01:43:51 Версия MySQL-сервера (check_mysql_bug_version): Ok
Успешно
2020-Nov-13 01:43:53 Время на БД и веб-сервере (check_mysql_time): Ok
Успешно
2020-Nov-13 01:43:53 Режим работы MySQL (check_mysql_mode): Ok
Успешно
2020-Nov-13 01:43:53 Кодировка соединения (check_mysql_connection_charset): Ok
character_set_connection=utf8, collation_connection=utf8_unicode_ci, character_set_results=utf8
Успешно
2020-Nov-13 01:43:53 Кодировка базы данных (check_mysql_db_charset): Ok
CHARSET=utf8, COLLATION=utf8_unicode_ci
Успешно
2020-Nov-13 01:43:54 Кодировки таблиц в БД (check_mysql_table_charset): Ok
Успешно
2020-Nov-13 01:43:54 Структура базы данных (check_mysql_table_structure): Ok
0% done
2020-Nov-13 01:43:54 Структура базы данных (check_mysql_table_structure): Ok
2% done
2020-Nov-13 01:43:54 Структура базы данных (check_mysql_table_structure): Ok
4% done
2020-Nov-13 01:43:54 Структура базы данных (check_mysql_table_structure): Ok
6% done
2020-Nov-13 01:43:54 Структура базы данных (check_mysql_table_structure): Ok
8% done
2020-Nov-13 01:43:54 Структура базы данных (check_mysql_table_structure): Ok
10% done
2020-Nov-13 01:43:54 Структура базы данных (check_mysql_table_structure): Ok
12% done
2020-Nov-13 01:43:54 Структура базы данных (check_mysql_table_structure): Ok
14% done
2020-Nov-13 01:43:55 Структура базы данных (check_mysql_table_structure): Ok
16% done
2020-Nov-13 01:43:55 Структура базы данных (check_mysql_table_structure): Ok
18% done
2020-Nov-13 01:43:55 Структура базы данных (check_mysql_table_structure): Ok
20% done
2020-Nov-13 01:43:55 Структура базы данных (check_mysql_table_structure): Ok
22% done
2020-Nov-13 01:43:55 Структура базы данных (check_mysql_table_structure): Ok
24% done
2020-Nov-13 01:43:55 Структура базы данных (check_mysql_table_structure): Ok
26% done
2020-Nov-13 01:43:56 Структура базы данных (check_mysql_table_structure): Ok
28% done
2020-Nov-13 01:43:56 Структура базы данных (check_mysql_table_structure): Ok
30% done
2020-Nov-13 01:43:56 Структура базы данных (check_mysql_table_structure): Ok
32% done
2020-Nov-13 01:43:56 Структура базы данных (check_mysql_table_structure): Ok
34% done
2020-Nov-13 01:43:56 Структура базы данных (check_mysql_table_structure): Ok
36% done
2020-Nov-13 01:43:57 Структура базы данных (check_mysql_table_structure): Ok
38% done
2020-Nov-13 01:43:57 Структура базы данных (check_mysql_table_structure): Ok
40% done
2020-Nov-13 01:43:57 Структура базы данных (check_mysql_table_structure): Ok
42% done
2020-Nov-13 01:43:57 Структура базы данных (check_mysql_table_structure): Ok
44% done
2020-Nov-13 01:43:57 Структура базы данных (check_mysql_table_structure): Ok
46% done
2020-Nov-13 01:43:57 Структура базы данных (check_mysql_table_structure): Ok
48% done
2020-Nov-13 01:43:57 Структура базы данных (check_mysql_table_structure): Ok
50% done
2020-Nov-13 01:43:59 Структура базы данных (check_mysql_table_structure): Ok
52% done
2020-Nov-13 01:43:59 Структура базы данных (check_mysql_table_structure): Ok
54% done
2020-Nov-13 01:43:59 Структура базы данных (check_mysql_table_structure): Ok
56% done
2020-Nov-13 01:43:59 Структура базы данных (check_mysql_table_structure): Ok
57% done
2020-Nov-13 01:43:59 Структура базы данных (check_mysql_table_structure): Ok
60% done
2020-Nov-13 01:43:59 Структура базы данных (check_mysql_table_structure): Ok
62% done
2020-Nov-13 01:44:03 Структура базы данных (check_mysql_table_structure): Ok
64% done
2020-Nov-13 01:44:03 Структура базы данных (check_mysql_table_structure): Ok
66% done
2020-Nov-13 01:44:03 Структура базы данных (check_mysql_table_structure): Ok
68% done
2020-Nov-13 01:44:03 Структура базы данных (check_mysql_table_structure): Ok
70% done
2020-Nov-13 01:44:04 Структура базы данных (check_mysql_table_structure): Ok
72% done
2020-Nov-13 01:44:04 Структура базы данных (check_mysql_table_structure): Ok
74% done
2020-Nov-13 01:44:04 Структура базы данных (check_mysql_table_structure): Ok
76% done
2020-Nov-13 01:44:04 Структура базы данных (check_mysql_table_structure): Ok
78% done
2020-Nov-13 01:44:04 Структура базы данных (check_mysql_table_structure): Ok
80% done
2020-Nov-13 01:44:04 Структура базы данных (check_mysql_table_structure): Ok
82% done
2020-Nov-13 01:44:04 Структура базы данных (check_mysql_table_structure): Ok
84% done
2020-Nov-13 01:44:05 Структура базы данных (check_mysql_table_structure): Ok
86% done
2020-Nov-13 01:44:05 Структура базы данных (check_mysql_table_structure): Ok
88% done
2020-Nov-13 01:44:05 Структура базы данных (check_mysql_table_structure): Ok
90% done
2020-Nov-13 01:44:05 Структура базы данных (check_mysql_table_structure): Ok
92% done
2020-Nov-13 01:44:05 Структура базы данных (check_mysql_table_structure): Ok
94% done
2020-Nov-13 01:44:05 Структура базы данных (check_mysql_table_structure): Ok
96% done
2020-Nov-13 01:44:05 Структура базы данных (check_mysql_table_structure): Ok
98% done
2020-Nov-13 01:44:05 Структура базы данных (check_mysql_table_structure): Ok
Успешно
